<?xml version="1.0" encoding="UTF-8"?>
<!-- Generated by org.testng.reporters.JUnitXMLReporter -->
<testsuite hostname="PUNDK-WIN7-230" ignored="0" name="IETest" tests="1" failures="1" timestamp="2019-09-11T13:44:22 IST" time="1.804" errors="0">
  <testcase name="login" time="0.002" classname="demoTest.logintest">
    <failure type="java.lang.AssertionError" message="did not expect to find [true] but found [false]">
      <![CDATA[java.lang.AssertionError: did not expect to find [true] but found [false]
at demoTest.logintest.login(logintest.java:96)
at java.util.ArrayList.forEach(ArrayList.java:1257)
... Removed 31 stack frames]]>
    </failure>
  </testcase> <!-- login -->
</testsuite> <!-- IETest -->
