<?xml version="1.0" encoding="UTF-8"?>
<testng-results skipped="0" failed="0" ignored="0" total="1" passed="1">
  <reporter-output>
  </reporter-output>
  <suite name="Default suite" duration-ms="68218" started-at="2019-09-11T18:09:41 IST" finished-at="2019-09-11T18:10:50 IST">
    <groups>
    </groups>
    <test name="Default test" duration-ms="68218" started-at="2019-09-11T18:09:41 IST" finished-at="2019-09-11T18:10:50 IST">
      <class name="tso.help_tab.BM_TSO_830638">
        <test-method status="PASS" signature="setup()[pri:0, instance:tso.help_tab.BM_TSO_830638@1f7030a6]" name="setup" is-config="true" duration-ms="2407" started-at="2019-09-11T18:09:41 IST" finished-at="2019-09-11T18:09:44 IST">
          <reporter-output>
          </reporter-output>
        </test-method> <!-- setup -->
        <test-method status="PASS" signature="testcase()[pri:0, instance:tso.help_tab.BM_TSO_830638@1f7030a6]" name="testcase" duration-ms="59831" started-at="2019-09-11T18:09:44 IST" finished-at="2019-09-11T18:10:44 IST">
          <reporter-output>
          </reporter-output>
        </test-method> <!-- testcase -->
        <test-method status="PASS" signature="teardown()[pri:0, instance:tso.help_tab.BM_TSO_830638@1f7030a6]" name="teardown" is-config="true" duration-ms="5948" started-at="2019-09-11T18:10:44 IST" finished-at="2019-09-11T18:10:50 IST">
          <reporter-output>
          </reporter-output>
        </test-method> <!-- teardown -->
      </class> <!-- tso.help_tab.BM_TSO_830638 -->
    </test> <!-- Default test -->
  </suite> <!-- Default suite -->
</testng-results>
